<?xml version="1.0" encoding="UTF-8"?>
<testng-results skipped="0" failed="0" ignored="0" total="1" passed="1">
  <reporter-output>
  </reporter-output>
  <suite name="Default suite" duration-ms="16" started-at="2017-06-15T06:36:09Z" finished-at="2017-06-15T06:36:09Z">
    <groups>
    </groups>
    <test name="Default test" duration-ms="16" started-at="2017-06-15T06:36:09Z" finished-at="2017-06-15T06:36:09Z">
      <class name="testcases.TC_001">
        <test-method status="PASS" signature="StartBrowser()[pri:0, instance:testcases.TC_001@61832929]" name="StartBrowser" is-config="true" duration-ms="12372" started-at="2017-06-15T12:05:56Z" finished-at="2017-06-15T12:06:09Z">
          <reporter-output>
          </reporter-output>
        </test-method> <!-- StartBrowser -->
        <test-method status="PASS" signature="test1()[pri:1, instance:testcases.TC_001@61832929]" name="test1" duration-ms="4" started-at="2017-06-15T12:06:09Z" finished-at="2017-06-15T12:06:09Z">
          <reporter-output>
          </reporter-output>
        </test-method> <!-- test1 -->
      </class> <!-- testcases.TC_001 -->
    </test> <!-- Default test -->
  </suite> <!-- Default suite -->
</testng-results>
